2024-08-18 18:03:08.875+0000 INFO  Logging config in use: File '/var/lib/neo4j/conf/user-logs.xml'
2024-08-18 18:03:08.884+0000 INFO  Starting...
2024-08-18 18:03:09.374+0000 INFO  This instance is ServerId{e8f95c7c} (e8f95c7c-6d2c-4bed-87bc-517efbb02458)
2024-08-18 18:03:09.913+0000 INFO  ======== Neo4j 5.22.0 ========
2024-08-18 18:03:11.335+0000 INFO  Anonymous Usage Data is being sent to Neo4j, see https://neo4j.com/docs/usage-data/
2024-08-18 18:03:11.448+0000 INFO  Bolt enabled on 0.0.0.0:7687.
2024-08-18 18:03:11.745+0000 INFO  HTTP enabled on 0.0.0.0:7474.
2024-08-18 18:03:11.746+0000 INFO  Remote interface available at http://localhost:7474/
2024-08-18 18:03:11.749+0000 INFO  id: D510BEB9FA53633390BCA5ABC7C975F8EE98410BB4B79FBB3EE36C3D74CC593D
2024-08-18 18:03:11.749+0000 INFO  name: system
2024-08-18 18:03:11.750+0000 INFO  creationDate: 2024-08-18T18:03:10.427Z
2024-08-18 18:03:11.750+0000 INFO  Started.
2024-08-18 18:42:33.825+0000 INFO  Neo4j Server shutdown initiated by request
2024-08-18 18:42:33.827+0000 INFO  Stopping...
2024-08-18 18:42:39.016+0000 INFO  Stopped.
2024-08-20 01:22:48.775+0000 INFO  Logging config in use: File '/var/lib/neo4j/conf/user-logs.xml'
2024-08-20 01:22:48.783+0000 INFO  Starting...
2024-08-20 01:22:49.271+0000 INFO  This instance is ServerId{e8f95c7c} (e8f95c7c-6d2c-4bed-87bc-517efbb02458)
2024-08-20 01:22:49.836+0000 INFO  ======== Neo4j 5.22.0 ========
2024-08-20 01:22:50.760+0000 INFO  Anonymous Usage Data is being sent to Neo4j, see https://neo4j.com/docs/usage-data/
2024-08-20 01:22:50.843+0000 INFO  Bolt enabled on 0.0.0.0:7687.
2024-08-20 01:22:51.186+0000 INFO  HTTP enabled on 0.0.0.0:7474.
2024-08-20 01:22:51.187+0000 INFO  Remote interface available at http://localhost:7474/
2024-08-20 01:22:51.189+0000 INFO  id: D510BEB9FA53633390BCA5ABC7C975F8EE98410BB4B79FBB3EE36C3D74CC593D
2024-08-20 01:22:51.190+0000 INFO  name: system
2024-08-20 01:22:51.191+0000 INFO  creationDate: 2024-08-18T18:03:10.427Z
2024-08-20 01:22:51.192+0000 INFO  Started.
2024-08-20 01:27:28.295+0000 INFO  Neo4j Server shutdown initiated by request
2024-08-20 01:27:28.296+0000 INFO  Stopping...
2024-08-20 01:27:33.524+0000 INFO  Stopped.
2024-08-22 02:41:38.191+0000 INFO  Logging config in use: File '/var/lib/neo4j/conf/user-logs.xml'
2024-08-22 02:41:38.204+0000 INFO  Starting...
2024-08-22 02:41:38.944+0000 INFO  This instance is ServerId{e8f95c7c} (e8f95c7c-6d2c-4bed-87bc-517efbb02458)
2024-08-22 02:41:40.520+0000 INFO  ======== Neo4j 5.22.0 ========
2024-08-22 02:41:41.760+0000 INFO  Anonymous Usage Data is being sent to Neo4j, see https://neo4j.com/docs/usage-data/
2024-08-22 02:41:41.856+0000 INFO  Bolt enabled on 0.0.0.0:7687.
2024-08-22 02:41:42.331+0000 INFO  HTTP enabled on 0.0.0.0:7474.
2024-08-22 02:41:42.332+0000 INFO  Remote interface available at http://localhost:7474/
2024-08-22 02:41:42.334+0000 INFO  id: D510BEB9FA53633390BCA5ABC7C975F8EE98410BB4B79FBB3EE36C3D74CC593D
2024-08-22 02:41:42.336+0000 INFO  name: system
2024-08-22 02:41:42.336+0000 INFO  creationDate: 2024-08-18T18:03:10.427Z
2024-08-22 02:41:42.337+0000 INFO  Started.
2024-08-22 02:42:27.164+0000 INFO  Neo4j Server shutdown initiated by request
2024-08-22 02:42:27.172+0000 INFO  Stopping...
2024-08-22 02:43:15.609+0000 INFO  Logging config in use: File '/var/lib/neo4j/conf/user-logs.xml'
2024-08-22 02:43:15.619+0000 INFO  Starting...
2024-08-22 02:43:16.185+0000 INFO  This instance is ServerId{e8f95c7c} (e8f95c7c-6d2c-4bed-87bc-517efbb02458)
2024-08-22 02:43:16.755+0000 INFO  ======== Neo4j 5.22.0 ========
2024-08-22 02:43:17.681+0000 INFO  Anonymous Usage Data is being sent to Neo4j, see https://neo4j.com/docs/usage-data/
2024-08-22 02:43:17.714+0000 INFO  Bolt enabled on 0.0.0.0:7687.
2024-08-22 02:43:18.035+0000 INFO  HTTP enabled on 0.0.0.0:7474.
2024-08-22 02:43:18.036+0000 INFO  Remote interface available at http://localhost:7474/
2024-08-22 02:43:18.038+0000 INFO  id: D510BEB9FA53633390BCA5ABC7C975F8EE98410BB4B79FBB3EE36C3D74CC593D
2024-08-22 02:43:18.038+0000 INFO  name: system
2024-08-22 02:43:18.038+0000 INFO  creationDate: 2024-08-18T18:03:10.427Z
2024-08-22 02:43:18.039+0000 INFO  Started.
2024-08-22 03:22:24.740+0000 INFO  Neo4j Server shutdown initiated by request
2024-08-22 03:22:24.743+0000 INFO  Stopping...
2024-08-22 03:38:00.004+0000 INFO  Logging config in use: File '/var/lib/neo4j/conf/user-logs.xml'
2024-08-22 03:38:00.023+0000 INFO  Starting...
2024-08-22 03:38:00.549+0000 INFO  This instance is ServerId{e8f95c7c} (e8f95c7c-6d2c-4bed-87bc-517efbb02458)
2024-08-22 03:38:01.178+0000 INFO  ======== Neo4j 5.22.0 ========
2024-08-22 03:38:02.139+0000 INFO  Anonymous Usage Data is being sent to Neo4j, see https://neo4j.com/docs/usage-data/
2024-08-22 03:38:02.167+0000 INFO  Bolt enabled on 0.0.0.0:7687.
2024-08-22 03:38:02.529+0000 INFO  HTTP enabled on 0.0.0.0:7474.
2024-08-22 03:38:02.530+0000 INFO  Remote interface available at http://localhost:7474/
2024-08-22 03:38:02.532+0000 INFO  id: D510BEB9FA53633390BCA5ABC7C975F8EE98410BB4B79FBB3EE36C3D74CC593D
2024-08-22 03:38:02.532+0000 INFO  name: system
2024-08-22 03:38:02.532+0000 INFO  creationDate: 2024-08-18T18:03:10.427Z
2024-08-22 03:38:02.533+0000 INFO  Started.
2024-08-22 04:17:28.139+0000 INFO  Neo4j Server shutdown initiated by request
2024-08-22 04:17:28.141+0000 INFO  Stopping...
2024-08-22 04:17:33.423+0000 INFO  Stopped.
2024-08-22 04:17:36.593+0000 INFO  Logging config in use: File '/var/lib/neo4j/conf/user-logs.xml'
2024-08-22 04:17:36.606+0000 INFO  Starting...
2024-08-22 04:17:37.156+0000 INFO  This instance is ServerId{e8f95c7c} (e8f95c7c-6d2c-4bed-87bc-517efbb02458)
2024-08-22 04:17:37.810+0000 INFO  ======== Neo4j 5.22.0 ========
2024-08-22 04:17:38.972+0000 INFO  Anonymous Usage Data is being sent to Neo4j, see https://neo4j.com/docs/usage-data/
2024-08-22 04:17:39.049+0000 INFO  Bolt enabled on 0.0.0.0:7687.
2024-08-22 04:17:39.435+0000 INFO  HTTP enabled on 0.0.0.0:7474.
2024-08-22 04:17:39.436+0000 INFO  Remote interface available at http://localhost:7474/
2024-08-22 04:17:39.438+0000 INFO  id: D510BEB9FA53633390BCA5ABC7C975F8EE98410BB4B79FBB3EE36C3D74CC593D
2024-08-22 04:17:39.439+0000 INFO  name: system
2024-08-22 04:17:39.439+0000 INFO  creationDate: 2024-08-18T18:03:10.427Z
2024-08-22 04:17:39.439+0000 INFO  Started.
2024-08-22 04:19:40.722+0000 WARN  [bolt-40] The client is unauthorized due to authentication failure.
2024-08-22 04:19:40.726+0000 WARN  [bolt-41] The client is unauthorized due to authentication failure.
2024-08-22 04:19:40.743+0000 WARN  [bolt-42] The client is unauthorized due to authentication failure.
2024-08-22 21:37:39.870+0000 INFO  Logging config in use: Embedded default config 'default-user-logs.xml'
2024-08-22 21:37:39.875+0000 WARN  Use of deprecated setting 'dbms.directories.import'. It is replaced by 'server.directories.import'.
2024-08-22 21:37:39.875+0000 WARN  Use of deprecated setting 'dbms.connector.http.enabled'. It is replaced by 'server.http.enabled'.
2024-08-22 21:37:39.875+0000 WARN  Use of deprecated setting 'dbms.connector.http.listen_address'. It is replaced by 'server.http.listen_address'.
2024-08-22 21:37:39.876+0000 WARN  Use of deprecated setting 'dbms.connector.bolt.listen_address'. It is replaced by 'server.bolt.listen_address'.
2024-08-22 21:37:39.877+0000 WARN  Use of deprecated setting 'dbms.connector.bolt.enabled'. It is replaced by 'server.bolt.enabled'.
2024-08-22 21:37:39.877+0000 WARN  Use of deprecated setting 'dbms.connector.https.enabled'. It is replaced by 'server.https.enabled'.
2024-08-22 21:37:39.878+0000 WARN  Use of deprecated setting 'dbms.windows_service_name'. It is replaced by 'server.windows_service_name'.
2024-08-22 21:37:39.878+0000 WARN  Use of deprecated setting 'dbms.default_database'. It is replaced by 'initial.dbms.default_database'.
2024-08-22 21:37:39.878+0000 WARN  Use of deprecated setting 'dbms.tx_log.rotation.retention_policy'. It is replaced by 'db.tx_log.rotation.retention_policy'.
2024-08-22 21:37:39.878+0000 WARN  Use of deprecated setting 'dbms.tx_state.memory_allocation'. It is replaced by 'db.tx_state.memory_allocation'.
2024-08-22 21:37:39.878+0000 WARN  Use of deprecated setting 'dbms.jvm.additional'. It is replaced by 'server.jvm.additional'.
2024-08-22 21:37:39.883+0000 INFO  Starting...
2024-08-22 21:37:40.424+0000 INFO  This instance is ServerId{e8f95c7c} (e8f95c7c-6d2c-4bed-87bc-517efbb02458)
2024-08-22 21:37:41.130+0000 INFO  ======== Neo4j 5.22.0 ========
2024-08-22 21:37:42.633+0000 INFO  Anonymous Usage Data is being sent to Neo4j, see https://neo4j.com/docs/usage-data/
2024-08-22 21:37:42.730+0000 INFO  Bolt enabled on 0.0.0.0:7688.
2024-08-22 21:37:43.101+0000 INFO  HTTP enabled on 0.0.0.0:7475.
2024-08-22 21:37:43.102+0000 INFO  Remote interface available at http://localhost:7474/
2024-08-22 21:37:43.105+0000 INFO  id: D510BEB9FA53633390BCA5ABC7C975F8EE98410BB4B79FBB3EE36C3D74CC593D
2024-08-22 21:37:43.105+0000 INFO  name: system
2024-08-22 21:37:43.105+0000 INFO  creationDate: 2024-08-18T18:03:10.427Z
2024-08-22 21:37:43.106+0000 INFO  Started.
2024-08-22 21:38:34.144+0000 INFO  Neo4j Server shutdown initiated by request
2024-08-22 21:38:34.147+0000 INFO  Stopping...
2024-08-22 21:38:47.148+0000 INFO  Logging config in use: Embedded default config 'default-user-logs.xml'
2024-08-22 21:38:47.156+0000 WARN  Use of deprecated setting 'dbms.directories.import'. It is replaced by 'server.directories.import'.
2024-08-22 21:38:47.157+0000 WARN  Use of deprecated setting 'dbms.connector.http.enabled'. It is replaced by 'server.http.enabled'.
2024-08-22 21:38:47.157+0000 WARN  Use of deprecated setting 'dbms.connector.http.listen_address'. It is replaced by 'server.http.listen_address'.
2024-08-22 21:38:47.157+0000 WARN  Use of deprecated setting 'dbms.connector.bolt.listen_address'. It is replaced by 'server.bolt.listen_address'.
2024-08-22 21:38:47.158+0000 WARN  Use of deprecated setting 'dbms.connector.bolt.enabled'. It is replaced by 'server.bolt.enabled'.
2024-08-22 21:38:47.160+0000 WARN  Use of deprecated setting 'dbms.connector.https.enabled'. It is replaced by 'server.https.enabled'.
2024-08-22 21:38:47.160+0000 WARN  Use of deprecated setting 'dbms.windows_service_name'. It is replaced by 'server.windows_service_name'.
2024-08-22 21:38:47.160+0000 WARN  Use of deprecated setting 'dbms.default_database'. It is replaced by 'initial.dbms.default_database'.
2024-08-22 21:38:47.161+0000 WARN  Use of deprecated setting 'dbms.tx_log.rotation.retention_policy'. It is replaced by 'db.tx_log.rotation.retention_policy'.
2024-08-22 21:38:47.161+0000 WARN  Use of deprecated setting 'dbms.tx_state.memory_allocation'. It is replaced by 'db.tx_state.memory_allocation'.
2024-08-22 21:38:47.161+0000 WARN  Use of deprecated setting 'dbms.jvm.additional'. It is replaced by 'server.jvm.additional'.
2024-08-22 21:38:47.168+0000 INFO  Starting...
2024-08-22 21:38:47.695+0000 INFO  This instance is ServerId{e8f95c7c} (e8f95c7c-6d2c-4bed-87bc-517efbb02458)
2024-08-22 21:38:48.297+0000 INFO  ======== Neo4j 5.22.0 ========
2024-08-22 21:38:49.265+0000 INFO  Anonymous Usage Data is being sent to Neo4j, see https://neo4j.com/docs/usage-data/
2024-08-22 21:38:49.294+0000 INFO  Bolt enabled on 0.0.0.0:7688.
2024-08-22 21:38:49.622+0000 INFO  HTTP enabled on 0.0.0.0:7475.
2024-08-22 21:38:49.623+0000 INFO  Remote interface available at http://localhost:7474/
2024-08-22 21:38:49.625+0000 INFO  id: D510BEB9FA53633390BCA5ABC7C975F8EE98410BB4B79FBB3EE36C3D74CC593D
2024-08-22 21:38:49.625+0000 INFO  name: system
2024-08-22 21:38:49.625+0000 INFO  creationDate: 2024-08-18T18:03:10.427Z
2024-08-22 21:38:49.626+0000 INFO  Started.
2024-08-22 23:01:57.691+0000 INFO  Neo4j Server shutdown initiated by request
2024-08-22 23:01:57.695+0000 INFO  Stopping...
2024-08-22 23:02:36.158+0000 INFO  Logging config in use: Embedded default config 'default-user-logs.xml'
2024-08-22 23:02:36.168+0000 WARN  Use of deprecated setting 'dbms.directories.import'. It is replaced by 'server.directories.import'.
2024-08-22 23:02:36.169+0000 WARN  Use of deprecated setting 'dbms.connector.http.enabled'. It is replaced by 'server.http.enabled'.
2024-08-22 23:02:36.169+0000 WARN  Use of deprecated setting 'dbms.connector.http.listen_address'. It is replaced by 'server.http.listen_address'.
2024-08-22 23:02:36.169+0000 WARN  Use of deprecated setting 'dbms.connector.bolt.listen_address'. It is replaced by 'server.bolt.listen_address'.
2024-08-22 23:02:36.169+0000 WARN  Use of deprecated setting 'dbms.connector.bolt.enabled'. It is replaced by 'server.bolt.enabled'.
2024-08-22 23:02:36.170+0000 WARN  Use of deprecated setting 'dbms.connector.https.enabled'. It is replaced by 'server.https.enabled'.
2024-08-22 23:02:36.170+0000 WARN  Use of deprecated setting 'dbms.windows_service_name'. It is replaced by 'server.windows_service_name'.
2024-08-22 23:02:36.170+0000 WARN  Use of deprecated setting 'dbms.default_database'. It is replaced by 'initial.dbms.default_database'.
2024-08-22 23:02:36.170+0000 WARN  Use of deprecated setting 'dbms.tx_log.rotation.retention_policy'. It is replaced by 'db.tx_log.rotation.retention_policy'.
2024-08-22 23:02:36.170+0000 WARN  Use of deprecated setting 'dbms.tx_state.memory_allocation'. It is replaced by 'db.tx_state.memory_allocation'.
2024-08-22 23:02:36.170+0000 WARN  Use of deprecated setting 'dbms.jvm.additional'. It is replaced by 'server.jvm.additional'.
2024-08-22 23:02:36.175+0000 INFO  Starting...
2024-08-22 23:02:36.677+0000 INFO  This instance is ServerId{e8f95c7c} (e8f95c7c-6d2c-4bed-87bc-517efbb02458)
2024-08-22 23:02:37.292+0000 INFO  ======== Neo4j 5.22.0 ========
2024-08-22 23:02:38.290+0000 INFO  Anonymous Usage Data is being sent to Neo4j, see https://neo4j.com/docs/usage-data/
2024-08-22 23:02:38.367+0000 INFO  Bolt enabled on 0.0.0.0:7688.
2024-08-22 23:02:38.703+0000 INFO  HTTP enabled on 0.0.0.0:7475.
2024-08-22 23:02:38.704+0000 INFO  Remote interface available at http://localhost:7474/
2024-08-22 23:02:38.706+0000 INFO  id: D510BEB9FA53633390BCA5ABC7C975F8EE98410BB4B79FBB3EE36C3D74CC593D
2024-08-22 23:02:38.706+0000 INFO  name: system
2024-08-22 23:02:38.706+0000 INFO  creationDate: 2024-08-18T18:03:10.427Z
2024-08-22 23:02:38.707+0000 INFO  Started.
2024-08-22 23:06:11.792+0000 INFO  Neo4j Server shutdown initiated by request
2024-08-22 23:06:11.794+0000 INFO  Stopping...
2024-08-22 23:07:24.140+0000 INFO  Logging config in use: Embedded default config 'default-user-logs.xml'
2024-08-22 23:07:24.158+0000 WARN  Use of deprecated setting 'dbms.directories.import'. It is replaced by 'server.directories.import'.
2024-08-22 23:07:24.159+0000 WARN  Use of deprecated setting 'dbms.connector.http.enabled'. It is replaced by 'server.http.enabled'.
2024-08-22 23:07:24.161+0000 WARN  Use of deprecated setting 'dbms.connector.http.listen_address'. It is replaced by 'server.http.listen_address'.
2024-08-22 23:07:24.162+0000 WARN  Use of deprecated setting 'dbms.connector.bolt.listen_address'. It is replaced by 'server.bolt.listen_address'.
2024-08-22 23:07:24.163+0000 WARN  Use of deprecated setting 'dbms.connector.bolt.enabled'. It is replaced by 'server.bolt.enabled'.
2024-08-22 23:07:24.164+0000 WARN  Use of deprecated setting 'dbms.connector.https.enabled'. It is replaced by 'server.https.enabled'.
2024-08-22 23:07:24.165+0000 WARN  Use of deprecated setting 'dbms.windows_service_name'. It is replaced by 'server.windows_service_name'.
2024-08-22 23:07:24.166+0000 WARN  Use of deprecated setting 'dbms.default_database'. It is replaced by 'initial.dbms.default_database'.
2024-08-22 23:07:24.168+0000 WARN  Use of deprecated setting 'dbms.tx_log.rotation.retention_policy'. It is replaced by 'db.tx_log.rotation.retention_policy'.
2024-08-22 23:07:24.169+0000 WARN  Use of deprecated setting 'dbms.tx_state.memory_allocation'. It is replaced by 'db.tx_state.memory_allocation'.
2024-08-22 23:07:24.169+0000 WARN  Use of deprecated setting 'dbms.jvm.additional'. It is replaced by 'server.jvm.additional'.
2024-08-22 23:07:24.181+0000 INFO  Starting...
2024-08-22 23:07:25.087+0000 INFO  This instance is ServerId{e8f95c7c} (e8f95c7c-6d2c-4bed-87bc-517efbb02458)
2024-08-22 23:07:25.786+0000 INFO  ======== Neo4j 5.22.0 ========
2024-08-22 23:07:26.769+0000 INFO  Anonymous Usage Data is being sent to Neo4j, see https://neo4j.com/docs/usage-data/
2024-08-22 23:07:26.800+0000 INFO  Bolt enabled on 0.0.0.0:7688.
2024-08-22 23:07:27.156+0000 INFO  HTTP enabled on 0.0.0.0:7475.
2024-08-22 23:07:27.157+0000 INFO  Remote interface available at http://localhost:7474/
2024-08-22 23:07:27.159+0000 INFO  id: D510BEB9FA53633390BCA5ABC7C975F8EE98410BB4B79FBB3EE36C3D74CC593D
2024-08-22 23:07:27.159+0000 INFO  name: system
2024-08-22 23:07:27.159+0000 INFO  creationDate: 2024-08-18T18:03:10.427Z
2024-08-22 23:07:27.160+0000 INFO  Started.
2024-08-22 23:13:20.338+0000 INFO  Neo4j Server shutdown initiated by request
2024-08-22 23:13:20.340+0000 INFO  Stopping...
2024-08-22 23:13:49.856+0000 INFO  Logging config in use: File '/var/lib/neo4j/conf/user-logs.xml'
2024-08-22 23:13:49.865+0000 INFO  Starting...
2024-08-22 23:13:50.376+0000 INFO  This instance is ServerId{e8f95c7c} (e8f95c7c-6d2c-4bed-87bc-517efbb02458)
2024-08-22 23:13:50.976+0000 INFO  ======== Neo4j 5.22.0 ========
2024-08-22 23:13:52.040+0000 INFO  Anonymous Usage Data is being sent to Neo4j, see https://neo4j.com/docs/usage-data/
2024-08-22 23:13:52.068+0000 INFO  Bolt enabled on 0.0.0.0:7687.
2024-08-22 23:13:52.403+0000 INFO  HTTP enabled on 0.0.0.0:7474.
2024-08-22 23:13:52.403+0000 INFO  Remote interface available at http://localhost:7474/
2024-08-22 23:13:52.405+0000 INFO  id: D510BEB9FA53633390BCA5ABC7C975F8EE98410BB4B79FBB3EE36C3D74CC593D
2024-08-22 23:13:52.406+0000 INFO  name: system
2024-08-22 23:13:52.406+0000 INFO  creationDate: 2024-08-18T18:03:10.427Z
2024-08-22 23:13:52.406+0000 INFO  Started.
2024-08-23 15:19:40.240+0000 INFO  Neo4j Server shutdown initiated by request
2024-08-23 15:19:40.242+0000 INFO  Stopping...
2024-08-23 15:19:45.543+0000 INFO  Stopped.
